<?xml version="1.0" encoding="UTF-8"?>
<coverage generated="1541529170854" clover="3.2.0">
  <project timestamp="1541529170854" name="All files">
    <metrics statements="87" coveredstatements="20" conditionals="24" coveredconditionals="1" methods="25" coveredmethods="7" elements="136" coveredelements="28" complexity="0" loc="87" ncloc="87" packages="4" files="8" classes="8">
      <package name="src">
        <metrics statements="1" coveredstatements="1" conditionals="0" coveredconditionals="0" methods="1" coveredmethods="1"/>
        <file name="App.js" path="E:\Source\Assignments\PruGRBooks\src\App.js">
          <metrics statements="1" coveredstatements="1" conditionals="0" coveredconditionals="0" methods="1" coveredmethods="1"/>
          <line num="7" count="4" type="stmt"/>
        </file>
      </package>
      <package name="src.component">
        <metrics statements="29" coveredstatements="12" conditionals="10" coveredconditionals="1" methods="12" coveredmethods="5"/>
        <file name="Book.jsx" path="E:\Source\Assignments\PruGRBooks\src\component\Book.jsx">
          <metrics statements="10" coveredstatements="2" conditionals="6" coveredconditionals="0" methods="3" coveredmethods="1"/>
          <line num="10" count="0" type="stmt"/>
          <line num="11" count="0" type="stmt"/>
          <line num="14" count="0" type="stmt"/>
          <line num="15" count="0" type="stmt"/>
          <line num="18" count="1" type="stmt"/>
          <line num="19" count="1" type="stmt"/>
          <line num="20" count="0" type="stmt"/>
          <line num="24" count="0" type="cond" truecount="0" falsecount="2"/>
          <line num="25" count="0" type="stmt"/>
          <line num="27" count="0" type="stmt"/>
        </file>
        <file name="BookDetails.jsx" path="E:\Source\Assignments\PruGRBooks\src\component\BookDetails.jsx">
          <metrics statements="11" coveredstatements="6" conditionals="0" coveredconditionals="0" methods="4" coveredmethods="2"/>
          <line num="5" count="5" type="stmt"/>
          <line num="9" count="1" type="stmt"/>
          <line num="10" count="1" type="stmt"/>
          <line num="16" count="0" type="stmt"/>
          <line num="17" count="0" type="stmt"/>
          <line num="19" count="0" type="stmt"/>
          <line num="22" count="0" type="stmt"/>
          <line num="25" count="0" type="stmt"/>
          <line num="29" count="1" type="stmt"/>
          <line num="30" count="1" type="stmt"/>
          <line num="76" count="5" type="stmt"/>
        </file>
        <file name="Books.jsx" path="E:\Source\Assignments\PruGRBooks\src\component\Books.jsx">
          <metrics statements="3" coveredstatements="2" conditionals="4" coveredconditionals="1" methods="2" coveredmethods="1"/>
          <line num="6" count="3" type="stmt"/>
          <line num="7" count="1" type="stmt"/>
          <line num="13" count="0" type="cond" truecount="0" falsecount="2"/>
        </file>
        <file name="SearchBooks.jsx" path="E:\Source\Assignments\PruGRBooks\src\component\SearchBooks.jsx">
          <metrics statements="5" coveredstatements="2" conditionals="0" coveredconditionals="0" methods="3" coveredmethods="1"/>
          <line num="9" count="0" type="stmt"/>
          <line num="10" count="0" type="stmt"/>
          <line num="14" count="1" type="stmt"/>
          <line num="15" count="1" type="stmt"/>
          <line num="28" count="0" type="stmt"/>
        </file>
      </package>
      <package name="src.screen">
        <metrics statements="10" coveredstatements="2" conditionals="4" coveredconditionals="0" methods="4" coveredmethods="1"/>
        <file name="Home.jsx" path="E:\Source\Assignments\PruGRBooks\src\screen\Home.jsx">
          <metrics statements="10" coveredstatements="2" conditionals="4" coveredconditionals="0" methods="4" coveredmethods="1"/>
          <line num="21" count="0" type="stmt"/>
          <line num="27" count="0" type="stmt"/>
          <line num="31" count="0" type="stmt"/>
          <line num="37" count="0" type="cond" truecount="0" falsecount="2"/>
          <line num="42" count="0" type="stmt"/>
          <line num="45" count="0" type="stmt"/>
          <line num="52" count="0" type="stmt"/>
          <line num="54" count="0" type="stmt"/>
          <line num="58" count="4" type="stmt"/>
          <line num="82" count="2" type="stmt"/>
        </file>
      </package>
      <package name="src.service">
        <metrics statements="47" coveredstatements="5" conditionals="10" coveredconditionals="0" methods="8" coveredmethods="0"/>
        <file name="GetBookDetails.js" path="E:\Source\Assignments\PruGRBooks\src\service\GetBookDetails.js">
          <metrics statements="24" coveredstatements="2" conditionals="6" coveredconditionals="0" methods="3" coveredmethods="0"/>
          <line num="3" count="5" type="stmt"/>
          <line num="4" count="0" type="stmt"/>
          <line num="6" count="0" type="stmt"/>
          <line num="9" count="0" type="stmt"/>
          <line num="10" count="0" type="stmt"/>
          <line num="11" count="0" type="stmt"/>
          <line num="12" count="0" type="stmt"/>
          <line num="13" count="0" type="stmt"/>
          <line num="15" count="0" type="cond" truecount="0" falsecount="2"/>
          <line num="16" count="0" type="stmt"/>
          <line num="20" count="0" type="stmt"/>
          <line num="21" count="0" type="stmt"/>
          <line num="24" count="0" type="cond" truecount="0" falsecount="2"/>
          <line num="25" count="0" type="stmt"/>
          <line num="27" count="0" type="stmt"/>
          <line num="28" count="0" type="stmt"/>
          <line num="32" count="5" type="stmt"/>
          <line num="33" count="0" type="stmt"/>
          <line num="34" count="0" type="stmt"/>
          <line num="35" count="0" type="stmt"/>
          <line num="36" count="0" type="cond" truecount="0" falsecount="2"/>
          <line num="37" count="0" type="stmt"/>
          <line num="39" count="0" type="stmt"/>
          <line num="42" count="0" type="stmt"/>
        </file>
        <file name="GetBooksByText.js" path="E:\Source\Assignments\PruGRBooks\src\service\GetBooksByText.js">
          <metrics statements="23" coveredstatements="3" conditionals="4" coveredconditionals="0" methods="5" coveredmethods="0"/>
          <line num="3" count="3" type="stmt"/>
          <line num="4" count="0" type="stmt"/>
          <line num="6" count="0" type="stmt"/>
          <line num="9" count="0" type="stmt"/>
          <line num="10" count="0" type="stmt"/>
          <line num="11" count="0" type="stmt"/>
          <line num="14" count="3" type="stmt"/>
          <line num="15" count="0" type="stmt"/>
          <line num="16" count="0" type="stmt"/>
          <line num="17" count="0" type="stmt"/>
          <line num="18" count="0" type="cond" truecount="0" falsecount="2"/>
          <line num="19" count="0" type="stmt"/>
          <line num="21" count="0" type="stmt"/>
          <line num="22" count="0" type="stmt"/>
          <line num="23" count="0" type="stmt"/>
          <line num="30" count="3" type="stmt"/>
          <line num="31" count="0" type="stmt"/>
          <line num="32" count="0" type="stmt"/>
          <line num="33" count="0" type="stmt"/>
          <line num="34" count="0" type="cond" truecount="0" falsecount="2"/>
          <line num="35" count="0" type="stmt"/>
          <line num="37" count="0" type="stmt"/>
          <line num="40" count="0" type="stmt"/>
        </file>
      </package>
    </metrics>
  </project>
</coverage>
