{"E:\\Source\\Assignments\\PruGRBooks\\src\\App.js": {"path":"E:\\Source\\Assignments\\PruGRBooks\\src\\App.js","statementMap":{"0":{"start":{"line":7,"column":4},"end":{"line":11,"column":6}}},"fnMap":{"0":{"name":"(anonymous_0)","decl":{"start":{"line":6,"column":2},"end":{"line":6,"column":3}},"loc":{"start":{"line":6,"column":11},"end":{"line":12,"column":3}},"line":6}},"branchMap":{},"s":{"0":4},"f":{"0":4},"b":{},"_coverageSchema":"332fd63041d2c1bcb487cc26dd0d5f7d97098a6c","hash":"a7f42326fe44a27db87f5f83459b38b03f79af3f"}
,"E:\\Source\\Assignments\\PruGRBooks\\src\\component\\Book.jsx": {"path":"E:\\Source\\Assignments\\PruGRBooks\\src\\component\\Book.jsx","statementMap":{"0":{"start":{"line":10,"column":4},"end":{"line":10,"column":42}},"1":{"start":{"line":11,"column":4},"end":{"line":11,"column":70}},"2":{"start":{"line":14,"column":4},"end":{"line":14,"column":43}},"3":{"start":{"line":15,"column":4},"end":{"line":15,"column":40}},"4":{"start":{"line":18,"column":37},"end":{"line":18,"column":47}},"5":{"start":{"line":19,"column":22},"end":{"line":19,"column":46}},"6":{"start":{"line":20,"column":23},"end":{"line":23,"column":16}},"7":{"start":{"line":24,"column":4},"end":{"line":26,"column":5}},"8":{"start":{"line":25,"column":6},"end":{"line":25,"column":28}},"9":{"start":{"line":27,"column":4},"end":{"line":67,"column":6}}},"fnMap":{"0":{"name":"(anonymous_0)","decl":{"start":{"line":9,"column":20},"end":{"line":9,"column":21}},"loc":{"start":{"line":9,"column":26},"end":{"line":12,"column":3}},"line":9},"1":{"name":"(anonymous_1)","decl":{"start":{"line":13,"column":27},"end":{"line":13,"column":28}},"loc":{"start":{"line":13,"column":33},"end":{"line":16,"column":3}},"line":13},"2":{"name":"(anonymous_2)","decl":{"start":{"line":17,"column":2},"end":{"line":17,"column":3}},"loc":{"start":{"line":17,"column":11},"end":{"line":68,"column":3}},"line":17}},"branchMap":{"0":{"loc":{"start":{"line":24,"column":4},"end":{"line":26,"column":5}},"type":"if","locations":[{"start":{"line":24,"column":4},"end":{"line":26,"column":5}},{"start":{"line":24,"column":4},"end":{"line":26,"column":5}}],"line":24},"1":{"loc":{"start":{"line":29,"column":9},"end":{"line":65,"column":9}},"type":"cond-expr","locations":[{"start":{"line":30,"column":10},"end":{"line":34,"column":12}},{"start":{"line":36,"column":10},"end":{"line":64,"column":16}}],"line":29},"2":{"loc":{"start":{"line":49,"column":25},"end":{"line":49,"column":70}},"type":"cond-expr","locations":[{"start":{"line":49,"column":56},"end":{"line":49,"column":65}},{"start":{"line":49,"column":68},"end":{"line":49,"column":70}}],"line":49}},"s":{"0":0,"1":0,"2":0,"3":0,"4":1,"5":1,"6":0,"7":0,"8":0,"9":0},"f":{"0":0,"1":0,"2":1},"b":{"0":[0,0],"1":[0,0],"2":[0,0]},"_coverageSchema":"332fd63041d2c1bcb487cc26dd0d5f7d97098a6c","hash":"1dc8610bed67dc688fc36fbe71c2afc0d64c503a"}
,"E:\\Source\\Assignments\\PruGRBooks\\src\\component\\BookDetails.jsx": {"path":"E:\\Source\\Assignments\\PruGRBooks\\src\\component\\BookDetails.jsx","statementMap":{"0":{"start":{"line":5,"column":15},"end":{"line":5,"column":44}},"1":{"start":{"line":9,"column":4},"end":{"line":9,"column":17}},"2":{"start":{"line":10,"column":4},"end":{"line":13,"column":6}},"3":{"start":{"line":16,"column":19},"end":{"line":16,"column":51}},"4":{"start":{"line":17,"column":23},"end":{"line":17,"column":58}},"5":{"start":{"line":19,"column":4},"end":{"line":21,"column":7}},"6":{"start":{"line":22,"column":4},"end":{"line":22,"column":28}},"7":{"start":{"line":25,"column":4},"end":{"line":25,"column":26}},"8":{"start":{"line":29,"column":43},"end":{"line":29,"column":53}},"9":{"start":{"line":30,"column":4},"end":{"line":72,"column":6}},"10":{"start":{"line":76,"column":0},"end":{"line":79,"column":2}}},"fnMap":{"0":{"name":"(anonymous_0)","decl":{"start":{"line":8,"column":2},"end":{"line":8,"column":3}},"loc":{"start":{"line":8,"column":21},"end":{"line":14,"column":3}},"line":8},"1":{"name":"(anonymous_1)","decl":{"start":{"line":15,"column":19},"end":{"line":15,"column":20}},"loc":{"start":{"line":15,"column":31},"end":{"line":23,"column":3}},"line":15},"2":{"name":"(anonymous_2)","decl":{"start":{"line":24,"column":2},"end":{"line":24,"column":3}},"loc":{"start":{"line":24,"column":22},"end":{"line":26,"column":3}},"line":24},"3":{"name":"(anonymous_3)","decl":{"start":{"line":28,"column":2},"end":{"line":28,"column":3}},"loc":{"start":{"line":28,"column":11},"end":{"line":73,"column":3}},"line":28}},"branchMap":{},"s":{"0":5,"1":1,"2":1,"3":0,"4":0,"5":0,"6":0,"7":0,"8":1,"9":1,"10":5},"f":{"0":1,"1":0,"2":0,"3":1},"b":{},"_coverageSchema":"332fd63041d2c1bcb487cc26dd0d5f7d97098a6c","hash":"26b4d0c7f2a5d2b1a37d16824c60351154507ece"}
,"E:\\Source\\Assignments\\PruGRBooks\\src\\component\\Books.jsx": {"path":"E:\\Source\\Assignments\\PruGRBooks\\src\\component\\Books.jsx","statementMap":{"0":{"start":{"line":6,"column":28},"end":{"line":6,"column":50}},"1":{"start":{"line":7,"column":4},"end":{"line":20,"column":6}},"2":{"start":{"line":13,"column":16},"end":{"line":17,"column":17}}},"fnMap":{"0":{"name":"(anonymous_0)","decl":{"start":{"line":5,"column":2},"end":{"line":5,"column":3}},"loc":{"start":{"line":5,"column":11},"end":{"line":21,"column":3}},"line":5},"1":{"name":"(anonymous_1)","decl":{"start":{"line":12,"column":14},"end":{"line":12,"column":15}},"loc":{"start":{"line":13,"column":16},"end":{"line":17,"column":17}},"line":13}},"branchMap":{"0":{"loc":{"start":{"line":9,"column":9},"end":{"line":18,"column":13}},"type":"cond-expr","locations":[{"start":{"line":10,"column":12},"end":{"line":10,"column":14}},{"start":{"line":11,"column":12},"end":{"line":18,"column":13}}],"line":9},"1":{"loc":{"start":{"line":13,"column":16},"end":{"line":17,"column":17}},"type":"cond-expr","locations":[{"start":{"line":14,"column":18},"end":{"line":14,"column":33}},{"start":{"line":16,"column":18},"end":{"line":16,"column":74}}],"line":13}},"s":{"0":3,"1":1,"2":0},"f":{"0":3,"1":0},"b":{"0":[1,0],"1":[0,0]},"_coverageSchema":"332fd63041d2c1bcb487cc26dd0d5f7d97098a6c","hash":"383c8b59bc3cf8b119b2f52fc335eb6143aa3ffe"}
,"E:\\Source\\Assignments\\PruGRBooks\\src\\component\\SearchBooks.jsx": {"path":"E:\\Source\\Assignments\\PruGRBooks\\src\\component\\SearchBooks.jsx","statementMap":{"0":{"start":{"line":9,"column":4},"end":{"line":9,"column":52}},"1":{"start":{"line":10,"column":4},"end":{"line":10,"column":34}},"2":{"start":{"line":14,"column":25},"end":{"line":14,"column":35}},"3":{"start":{"line":15,"column":4},"end":{"line":33,"column":6}},"4":{"start":{"line":28,"column":25},"end":{"line":28,"column":58}}},"fnMap":{"0":{"name":"(anonymous_0)","decl":{"start":{"line":8,"column":17},"end":{"line":8,"column":18}},"loc":{"start":{"line":8,"column":22},"end":{"line":11,"column":3}},"line":8},"1":{"name":"(anonymous_1)","decl":{"start":{"line":13,"column":2},"end":{"line":13,"column":3}},"loc":{"start":{"line":13,"column":11},"end":{"line":34,"column":3}},"line":13},"2":{"name":"(anonymous_2)","decl":{"start":{"line":28,"column":19},"end":{"line":28,"column":20}},"loc":{"start":{"line":28,"column":25},"end":{"line":28,"column":58}},"line":28}},"branchMap":{},"s":{"0":0,"1":0,"2":1,"3":1,"4":0},"f":{"0":0,"1":1,"2":0},"b":{},"_coverageSchema":"332fd63041d2c1bcb487cc26dd0d5f7d97098a6c","hash":"fc54d6613bbaf09ac4e3e7248fc592dc77ed4407"}
,"E:\\Source\\Assignments\\PruGRBooks\\src\\screen\\Home.jsx": {"path":"E:\\Source\\Assignments\\PruGRBooks\\src\\screen\\Home.jsx","statementMap":{"0":{"start":{"line":21,"column":4},"end":{"line":23,"column":7}},"1":{"start":{"line":27,"column":4},"end":{"line":27,"column":36}},"2":{"start":{"line":31,"column":4},"end":{"line":36,"column":6}},"3":{"start":{"line":37,"column":4},"end":{"line":55,"column":5}},"4":{"start":{"line":42,"column":27},"end":{"line":44,"column":7}},"5":{"start":{"line":45,"column":6},"end":{"line":51,"column":9}},"6":{"start":{"line":52,"column":6},"end":{"line":52,"column":54}},"7":{"start":{"line":54,"column":6},"end":{"line":54,"column":48}},"8":{"start":{"line":58,"column":4},"end":{"line":78,"column":6}},"9":{"start":{"line":82,"column":0},"end":{"line":85,"column":2}}},"fnMap":{"0":{"name":"(anonymous_0)","decl":{"start":{"line":20,"column":17},"end":{"line":20,"column":18}},"loc":{"start":{"line":20,"column":23},"end":{"line":24,"column":3}},"line":20},"1":{"name":"(anonymous_1)","decl":{"start":{"line":26,"column":15},"end":{"line":26,"column":16}},"loc":{"start":{"line":26,"column":31},"end":{"line":28,"column":3}},"line":26},"2":{"name":"(anonymous_2)","decl":{"start":{"line":30,"column":17},"end":{"line":30,"column":18}},"loc":{"start":{"line":30,"column":42},"end":{"line":56,"column":3}},"line":30},"3":{"name":"(anonymous_3)","decl":{"start":{"line":57,"column":2},"end":{"line":57,"column":3}},"loc":{"start":{"line":57,"column":11},"end":{"line":79,"column":3}},"line":57}},"branchMap":{"0":{"loc":{"start":{"line":37,"column":4},"end":{"line":55,"column":5}},"type":"if","locations":[{"start":{"line":37,"column":4},"end":{"line":55,"column":5}},{"start":{"line":37,"column":4},"end":{"line":55,"column":5}}],"line":37},"1":{"loc":{"start":{"line":38,"column":6},"end":{"line":40,"column":28}},"type":"binary-expr","locations":[{"start":{"line":38,"column":6},"end":{"line":39,"column":50}},{"start":{"line":40,"column":6},"end":{"line":40,"column":28}}],"line":38}},"s":{"0":0,"1":0,"2":0,"3":0,"4":0,"5":0,"6":0,"7":0,"8":4,"9":2},"f":{"0":0,"1":0,"2":0,"3":4},"b":{"0":[0,0],"1":[0,0]},"_coverageSchema":"332fd63041d2c1bcb487cc26dd0d5f7d97098a6c","hash":"f91612f020010787b27fad83b16c8c066f347cc6"}
,"E:\\Source\\Assignments\\PruGRBooks\\src\\service\\GetBookDetails.js": {"path":"E:\\Source\\Assignments\\PruGRBooks\\src\\service\\GetBookDetails.js","statementMap":{"0":{"start":{"line":3,"column":35},"end":{"line":30,"column":1}},"1":{"start":{"line":4,"column":17},"end":{"line":4,"column":46}},"2":{"start":{"line":6,"column":4},"end":{"line":7,"column":65}},"3":{"start":{"line":9,"column":14},"end":{"line":9,"column":41}},"4":{"start":{"line":10,"column":17},"end":{"line":10,"column":32}},"5":{"start":{"line":11,"column":22},"end":{"line":11,"column":73}},"6":{"start":{"line":12,"column":20},"end":{"line":12,"column":22}},"7":{"start":{"line":13,"column":21},"end":{"line":13,"column":68}},"8":{"start":{"line":15,"column":2},"end":{"line":29,"column":3}},"9":{"start":{"line":16,"column":4},"end":{"line":18,"column":7}},"10":{"start":{"line":20,"column":19},"end":{"line":20,"column":41}},"11":{"start":{"line":21,"column":4},"end":{"line":23,"column":26}},"12":{"start":{"line":24,"column":4},"end":{"line":26,"column":5}},"13":{"start":{"line":25,"column":6},"end":{"line":25,"column":44}},"14":{"start":{"line":27,"column":4},"end":{"line":27,"column":29}},"15":{"start":{"line":28,"column":4},"end":{"line":28,"column":23}},"16":{"start":{"line":32,"column":23},"end":{"line":43,"column":1}},"17":{"start":{"line":33,"column":19},"end":{"line":33,"column":45}},"18":{"start":{"line":34,"column":21},"end":{"line":34,"column":23}},"19":{"start":{"line":35,"column":2},"end":{"line":41,"column":5}},"20":{"start":{"line":36,"column":4},"end":{"line":40,"column":5}},"21":{"start":{"line":37,"column":6},"end":{"line":37,"column":50}},"22":{"start":{"line":39,"column":6},"end":{"line":39,"column":49}},"23":{"start":{"line":42,"column":2},"end":{"line":42,"column":20}}},"fnMap":{"0":{"name":"(anonymous_0)","decl":{"start":{"line":3,"column":35},"end":{"line":3,"column":36}},"loc":{"start":{"line":3,"column":51},"end":{"line":30,"column":1}},"line":3},"1":{"name":"(anonymous_1)","decl":{"start":{"line":32,"column":23},"end":{"line":32,"column":24}},"loc":{"start":{"line":32,"column":30},"end":{"line":43,"column":1}},"line":32},"2":{"name":"(anonymous_2)","decl":{"start":{"line":35,"column":19},"end":{"line":35,"column":20}},"loc":{"start":{"line":35,"column":27},"end":{"line":41,"column":3}},"line":35}},"branchMap":{"0":{"loc":{"start":{"line":15,"column":2},"end":{"line":29,"column":3}},"type":"if","locations":[{"start":{"line":15,"column":2},"end":{"line":29,"column":3}},{"start":{"line":15,"column":2},"end":{"line":29,"column":3}}],"line":15},"1":{"loc":{"start":{"line":24,"column":4},"end":{"line":26,"column":5}},"type":"if","locations":[{"start":{"line":24,"column":4},"end":{"line":26,"column":5}},{"start":{"line":24,"column":4},"end":{"line":26,"column":5}}],"line":24},"2":{"loc":{"start":{"line":36,"column":4},"end":{"line":40,"column":5}},"type":"if","locations":[{"start":{"line":36,"column":4},"end":{"line":40,"column":5}},{"start":{"line":36,"column":4},"end":{"line":40,"column":5}}],"line":36}},"s":{"0":5,"1":0,"2":0,"3":0,"4":0,"5":0,"6":0,"7":0,"8":0,"9":0,"10":0,"11":0,"12":0,"13":0,"14":0,"15":0,"16":5,"17":0,"18":0,"19":0,"20":0,"21":0,"22":0,"23":0},"f":{"0":0,"1":0,"2":0},"b":{"0":[0,0],"1":[0,0],"2":[0,0]},"_coverageSchema":"332fd63041d2c1bcb487cc26dd0d5f7d97098a6c","hash":"d1bf7bf86b51308a2d38618c8e09fa68120e07c8"}
,"E:\\Source\\Assignments\\PruGRBooks\\src\\service\\GetBooksByText.js": {"path":"E:\\Source\\Assignments\\PruGRBooks\\src\\service\\GetBooksByText.js","statementMap":{"0":{"start":{"line":3,"column":31},"end":{"line":12,"column":1}},"1":{"start":{"line":4,"column":17},"end":{"line":4,"column":46}},"2":{"start":{"line":6,"column":4},"end":{"line":7,"column":78}},"3":{"start":{"line":9,"column":17},"end":{"line":9,"column":44}},"4":{"start":{"line":10,"column":22},"end":{"line":10,"column":51}},"5":{"start":{"line":11,"column":2},"end":{"line":11,"column":21}},"6":{"start":{"line":14,"column":30},"end":{"line":25,"column":1}},"7":{"start":{"line":15,"column":17},"end":{"line":15,"column":32}},"8":{"start":{"line":16,"column":22},"end":{"line":16,"column":73}},"9":{"start":{"line":17,"column":21},"end":{"line":17,"column":68}},"10":{"start":{"line":18,"column":2},"end":{"line":24,"column":3}},"11":{"start":{"line":19,"column":4},"end":{"line":19,"column":16}},"12":{"start":{"line":21,"column":23},"end":{"line":21,"column":77}},"13":{"start":{"line":22,"column":26},"end":{"line":22,"column":69}},"14":{"start":{"line":22,"column":51},"end":{"line":22,"column":68}},"15":{"start":{"line":23,"column":4},"end":{"line":23,"column":25}},"16":{"start":{"line":30,"column":23},"end":{"line":41,"column":1}},"17":{"start":{"line":31,"column":19},"end":{"line":31,"column":45}},"18":{"start":{"line":32,"column":21},"end":{"line":32,"column":23}},"19":{"start":{"line":33,"column":2},"end":{"line":39,"column":5}},"20":{"start":{"line":34,"column":4},"end":{"line":38,"column":5}},"21":{"start":{"line":35,"column":6},"end":{"line":35,"column":50}},"22":{"start":{"line":37,"column":6},"end":{"line":37,"column":49}},"23":{"start":{"line":40,"column":2},"end":{"line":40,"column":20}}},"fnMap":{"0":{"name":"(anonymous_0)","decl":{"start":{"line":3,"column":31},"end":{"line":3,"column":32}},"loc":{"start":{"line":3,"column":51},"end":{"line":12,"column":1}},"line":3},"1":{"name":"(anonymous_1)","decl":{"start":{"line":14,"column":30},"end":{"line":14,"column":31}},"loc":{"start":{"line":14,"column":42},"end":{"line":25,"column":1}},"line":14},"2":{"name":"(anonymous_2)","decl":{"start":{"line":22,"column":41},"end":{"line":22,"column":42}},"loc":{"start":{"line":22,"column":51},"end":{"line":22,"column":68}},"line":22},"3":{"name":"(anonymous_3)","decl":{"start":{"line":30,"column":23},"end":{"line":30,"column":24}},"loc":{"start":{"line":30,"column":30},"end":{"line":41,"column":1}},"line":30},"4":{"name":"(anonymous_4)","decl":{"start":{"line":33,"column":19},"end":{"line":33,"column":20}},"loc":{"start":{"line":33,"column":27},"end":{"line":39,"column":3}},"line":33}},"branchMap":{"0":{"loc":{"start":{"line":18,"column":2},"end":{"line":24,"column":3}},"type":"if","locations":[{"start":{"line":18,"column":2},"end":{"line":24,"column":3}},{"start":{"line":18,"column":2},"end":{"line":24,"column":3}}],"line":18},"1":{"loc":{"start":{"line":34,"column":4},"end":{"line":38,"column":5}},"type":"if","locations":[{"start":{"line":34,"column":4},"end":{"line":38,"column":5}},{"start":{"line":34,"column":4},"end":{"line":38,"column":5}}],"line":34}},"s":{"0":3,"1":0,"2":0,"3":0,"4":0,"5":0,"6":3,"7":0,"8":0,"9":0,"10":0,"11":0,"12":0,"13":0,"14":0,"15":0,"16":3,"17":0,"18":0,"19":0,"20":0,"21":0,"22":0,"23":0},"f":{"0":0,"1":0,"2":0,"3":0,"4":0},"b":{"0":[0,0],"1":[0,0]},"_coverageSchema":"332fd63041d2c1bcb487cc26dd0d5f7d97098a6c","hash":"72bf8550d0947bb8d4ccce622a5ce90235e4cd7d"}
}
